<!DOCTYPE html>
<!--[if lt IE 7]>      <html class="no-js lt-ie9 lt-ie8 lt-ie7"> <![endif]-->
<!--[if IE 7]>         <html class="no-js lt-ie9 lt-ie8"> <![endif]-->
<!--[if IE 8]>         <html class="no-js lt-ie9"> <![endif]-->
<!--[if gt IE 8]>      <html class="no-js"> <!--<![endif]-->
<html>
    <head>
        <meta charset="utf-8">
        <meta http-equiv="X-UA-Compatible" content="IE=edge">
        <title>Aeros  | Aeros: The lighter MVC framework</title>
        <meta name="description" content="">
        <meta name="viewport" content="width=device-width, initial-scale=1">
        <link rel="stylesheet" href="/assets/css/styles.css">
    </head>
    <body>

    <!--[if lt IE 7]>
            <p class="browsehappy">You are using an <strong>outdated</strong> browser. Please <a href="#">upgrade your browser</a> to improve your experience.</p>
        <![endif]-->

(IndexController) Hi there!


This is a component with variable bar
<input type="hidden" id="csrf_token" name="csrf_token" value="43af3652-37d3-4941-b980-427c07bd7683" />

        <script src=""></script>
        <script src="/assets/js/scripts.js" async></script>
        <script src="" defer></script>
    </body>
</html>